2025-02-08 02:22:35 [scrapy.utils.log] INFO: Scrapy 2.11.0 started (bot: gazette)
2025-02-08 02:22:35 [scrapy.utils.log] INFO: Versions: lxml 4.9.3.0, libxml2 2.10.3, cssselect 1.2.0, parsel 1.8.1, w3lib 2.1.2, Twisted 22.10.0, Python 3.12.1 (main, Dec 12 2024, 22:30:56) [GCC 9.4.0], pyOpenSSL 23.2.0 (OpenSSL 3.1.3 19 Sep 2023), cryptography 41.0.4, Platform Linux-6.5.0-1025-azure-x86_64-with-glibc2.31
2025-02-08 02:22:35 [pb_federacao_municipios] INFO: Collecting data from 2017-05-03 to 2017-05-03.
2025-02-08 02:22:35 [scrapy.addons] INFO: Enabled addons:
[]
2025-02-08 02:22:35 [scrapy.utils.log] DEBUG: Using reactor: twisted.internet.epollreactor.EPollReactor
2025-02-08 02:22:35 [scrapy.extensions.telnet] INFO: Telnet Password: ec91096b1e5d34f1
2025-02-08 02:22:36 [scrapy.middleware] INFO: Enabled extensions:
['scrapy.extensions.corestats.CoreStats',
 'scrapy.extensions.telnet.TelnetConsole',
 'scrapy.extensions.memusage.MemoryUsage',
 'scrapy.extensions.logstats.LogStats',
 'spidermon.contrib.scrapy.extensions.Spidermon',
 'gazette.extensions.StatsPersist']
2025-02-08 02:22:36 [scrapy.crawler] INFO: Overridden settings:
{'BOT_NAME': 'gazette',
 'COMMANDS_MODULE': 'gazette.commands',
 'DOWNLOAD_TIMEOUT': 360,
 'FILES_STORE_S3_ACL': 'public-read',
 'NEWSPIDER_MODULE': 'gazette.spiders',
 'REQUEST_FINGERPRINTER_IMPLEMENTATION': '2.7',
 'SPIDER_MODULES': ['gazette.spiders'],
 'TEMPLATES_DIR': 'templates',
 'USER_AGENT': 'Mozilla/5.0 (X11; Ubuntu; Linux x86_64; rv:108.0) '
               'Gecko/20100101 Firefox/108.0'}
2025-02-08 02:22:36 [scrapy.middleware] INFO: Enabled downloader middlewares:
['scrapy.downloadermiddlewares.httpauth.HttpAuthMiddleware',
 'scrapy.downloadermiddlewares.downloadtimeout.DownloadTimeoutMiddleware',
 'scrapy.downloadermiddlewares.defaultheaders.DefaultHeadersMiddleware',
 'scrapy.downloadermiddlewares.useragent.UserAgentMiddleware',
 'scrapy.downloadermiddlewares.retry.RetryMiddleware',
 'scrapy.downloadermiddlewares.redirect.MetaRefreshMiddleware',
 'scrapy.downloadermiddlewares.httpcompression.HttpCompressionMiddleware',
 'scrapy.downloadermiddlewares.redirect.RedirectMiddleware',
 'scrapy_zyte_smartproxy.ZyteSmartProxyMiddleware',
 'scrapy.downloadermiddlewares.cookies.CookiesMiddleware',
 'scrapy.downloadermiddlewares.httpproxy.HttpProxyMiddleware',
 'scrapy.downloadermiddlewares.stats.DownloaderStats']
2025-02-08 02:22:36 [scrapy.middleware] INFO: Enabled spider middlewares:
['scrapy.spidermiddlewares.httperror.HttpErrorMiddleware',
 'scrapy.spidermiddlewares.offsite.OffsiteMiddleware',
 'scrapy.spidermiddlewares.referer.RefererMiddleware',
 'scrapy.spidermiddlewares.urllength.UrlLengthMiddleware',
 'scrapy.spidermiddlewares.depth.DepthMiddleware']
2025-02-08 02:22:36 [scrapy.middleware] INFO: Enabled item pipelines:
['gazette.pipelines.GazetteDateFilteringPipeline',
 'gazette.pipelines.DefaultValuesPipeline',
 'gazette.pipelines.QueridoDiarioFilesPipeline',
 'spidermon.contrib.scrapy.pipelines.ItemValidationPipeline',
 'gazette.pipelines.SQLDatabasePipeline']
2025-02-08 02:22:36 [scrapy.core.engine] INFO: Spider opened
2025-02-08 02:22:36 [gazette.database.models] INFO: Populating 'querido_diario_spider' table - Please wait!
2025-02-08 02:22:36 [gazette.database.models] INFO: Populating 'querido_diario_spider' table - Done!
2025-02-08 02:22:36 [scrapy.extensions.logstats] INFO: Crawled 0 pages (at 0 pages/min), scraped 0 items (at 0 items/min)
2025-02-08 02:22:36 [scrapy.extensions.telnet] INFO: Telnet console listening on 127.0.0.1:6023
2025-02-08 02:22:37 [scrapy.downloadermiddlewares.redirect] DEBUG: Redirecting (301) to <GET https://www.diariomunicipal.com.br/famup/> from <GET https://www.diariomunicipal.com.br/famup>
2025-02-08 02:22:38 [scrapy.core.engine] DEBUG: Crawled (200) <GET https://www.diariomunicipal.com.br/famup/> (referer: None)
2025-02-08 02:22:39 [scrapy.core.engine] DEBUG: Crawled (200) <POST https://www.diariomunicipal.com.br/famup/materia/calendario/extra> (referer: https://www.diariomunicipal.com.br/famup/)
2025-02-08 02:22:39 [pb_federacao_municipios] DEBUG: Extra Gazette not available for 2017-05-03
2025-02-08 02:22:39 [scrapy.core.engine] DEBUG: Crawled (200) <POST https://www.diariomunicipal.com.br/famup/materia/calendario> (referer: https://www.diariomunicipal.com.br/famup/)
Unhandled error in Deferred:
2025-02-08 02:22:40 [twisted] CRITICAL: Unhandled error in Deferred:

Traceback (most recent call last):
Failure: twisted.conch.telnet.AlreadyNegotiating: twisted.conch.telnet.AlreadyNegotiating:b'\x01'

2025-02-08 02:22:40 [twisted] CRITICAL: 
twisted.conch.telnet.AlreadyNegotiating: twisted.conch.telnet.AlreadyNegotiating:b'\x01'
2025-02-08 02:22:40 [scrapy.core.engine] DEBUG: Crawled (200) <GET https://www-storage.voxtecnologia.com.br?m=sigpub.publicacao&f=334&i=publicado_51810_2017-05-02_1db35a8ce8fd30a5a00e8df230d6a5fe.pdf> (referer: None)
2025-02-08 02:22:40 [scrapy.pipelines.files] DEBUG: File (downloaded): Downloaded file from <GET https://www-storage.voxtecnologia.com.br?m=sigpub.publicacao&f=334&i=publicado_51810_2017-05-02_1db35a8ce8fd30a5a00e8df230d6a5fe.pdf> referred in <None>
2025-02-08 02:22:40 [scrapy.core.scraper] DEBUG: Scraped from <200 https://www.diariomunicipal.com.br/famup/materia/calendario>
{'date': '2017-05-03',
 'edition_number': '1837',
 'file_urls': ['https://www-storage.voxtecnologia.com.br?m=sigpub.publicacao&f=334&i=publicado_51810_2017-05-02_1db35a8ce8fd30a5a00e8df230d6a5fe.pdf'],
 'files': [{'checksum': 'cae9bb0c8ee061280b0c005f2f82afe1',
            'path': '2500000/2017-05-03/4d2c9356085c59c796d75d1a992a284e46a0c8e4.pdf',
            'status': 'downloaded',
            'url': 'https://www-storage.voxtecnologia.com.br?m=sigpub.publicacao&f=334&i=publicado_51810_2017-05-02_1db35a8ce8fd30a5a00e8df230d6a5fe.pdf'}],
 'is_extra_edition': False,
 'power': 'executive_legislative',
 'scraped_at': '2025-02-08T02:22:39.636182Z',
 'territory_id': '2500000'}
2025-02-08 02:22:40 [scrapy.core.engine] INFO: Closing spider (finished)
2025-02-08 02:22:40 [pb_federacao_municipios] INFO: [Spidermon] ------------------------------ MONITORS ------------------------------
2025-02-08 02:22:40 [pb_federacao_municipios] INFO: [Spidermon] Comparison Between Executions/Days without gazettes... OK
2025-02-08 02:22:40 [pb_federacao_municipios] INFO: [Spidermon] Requests/Items Ratio/Ratio of requests over items scraped count... OK
2025-02-08 02:22:40 [pb_federacao_municipios] INFO: [Spidermon] Error Count Monitor/test_stat_monitor... SKIPPED (Unable to find 'log_count/ERROR' in job stats.)
2025-02-08 02:22:40 [pb_federacao_municipios] INFO: [Spidermon] Finish Reason Monitor/Should have the expected finished reason(s)... OK
2025-02-08 02:22:40 [pb_federacao_municipios] INFO: [Spidermon] Item Validation Monitor/test_stat_monitor... SKIPPED (Unable to find 'spidermon/validation/fields/errors' in job stats.)
2025-02-08 02:22:40 [pb_federacao_municipios] INFO: [Spidermon] ----------------------------------------------------------------------
2025-02-08 02:22:40 [pb_federacao_municipios] INFO: [Spidermon] 5 monitors in 0.004s
2025-02-08 02:22:40 [pb_federacao_municipios] INFO: [Spidermon] OK (skipped=2)
2025-02-08 02:22:40 [pb_federacao_municipios] INFO: [Spidermon] -------------------------- FINISHED ACTIONS --------------------------
2025-02-08 02:22:40 [pb_federacao_municipios] INFO: [Spidermon] ----------------------------------------------------------------------
2025-02-08 02:22:40 [pb_federacao_municipios] INFO: [Spidermon] 0 actions in 0.000s
2025-02-08 02:22:40 [pb_federacao_municipios] INFO: [Spidermon] OK
2025-02-08 02:22:40 [pb_federacao_municipios] INFO: [Spidermon] --------------------------- PASSED ACTIONS ---------------------------
2025-02-08 02:22:40 [pb_federacao_municipios] INFO: [Spidermon] ----------------------------------------------------------------------
2025-02-08 02:22:40 [pb_federacao_municipios] INFO: [Spidermon] 0 actions in 0.000s
2025-02-08 02:22:40 [pb_federacao_municipios] INFO: [Spidermon] OK
2025-02-08 02:22:40 [pb_federacao_municipios] INFO: [Spidermon] --------------------------- FAILED ACTIONS ---------------------------
2025-02-08 02:22:40 [pb_federacao_municipios] INFO: [Spidermon] ----------------------------------------------------------------------
2025-02-08 02:22:40 [pb_federacao_municipios] INFO: [Spidermon] 1 action in 0.000s
2025-02-08 02:22:40 [pb_federacao_municipios] INFO: [Spidermon] OK (skipped=1)
2025-02-08 02:22:40 [scrapy.statscollectors] INFO: Dumping Scrapy stats:
{'downloader/request_bytes': 2243,
 'downloader/request_count': 5,
 'downloader/request_method_count/GET': 3,
 'downloader/request_method_count/POST': 2,
 'downloader/response_bytes': 647739,
 'downloader/response_count': 5,
 'downloader/response_status_count/200': 4,
 'downloader/response_status_count/301': 1,
 'elapsed_time_seconds': 4.171605,
 'file_count': 1,
 'file_status_count/downloaded': 1,
 'finish_reason': 'finished',
 'finish_time': datetime.datetime(2025, 2, 8, 2, 22, 40, 740556, tzinfo=datetime.timezone.utc),
 'httpcompression/response_bytes': 49558,
 'httpcompression/response_count': 3,
 'item_scraped_count': 1,
 'log_count/CRITICAL': 2,
 'log_count/DEBUG': 9,
 'log_count/INFO': 33,
 'memusage/max': 125644800,
 'memusage/startup': 125644800,
 'request_depth_max': 1,
 'response_received_count': 4,
 'scheduler/dequeued': 4,
 'scheduler/dequeued/memory': 4,
 'scheduler/enqueued': 4,
 'scheduler/enqueued/memory': 4,
 'spidermon/validation/fields': 8,
 'spidermon/validation/items': 1,
 'spidermon/validation/validators': 1,
 'spidermon/validation/validators/item/jsonschema': True,
 'start_time': datetime.datetime(2025, 2, 8, 2, 22, 36, 568951, tzinfo=datetime.timezone.utc)}
2025-02-08 02:22:40 [scrapy.core.engine] INFO: Spider closed (finished)
Unhandled error in Deferred:
2025-02-08 02:22:40 [twisted] CRITICAL: Unhandled error in Deferred:

Traceback (most recent call last):
Failure: twisted.internet.error.ConnectionLost: Connection to the other side was lost in a non-clean fashion: Connection lost.

2025-02-08 02:22:40 [twisted] CRITICAL: 
twisted.internet.error.ConnectionLost: Connection to the other side was lost in a non-clean fashion: Connection lost.
