2025-02-08 02:25:41 [scrapy.utils.log] INFO: Scrapy 2.11.0 started (bot: gazette)
2025-02-08 02:25:41 [scrapy.utils.log] INFO: Versions: lxml 4.9.3.0, libxml2 2.10.3, cssselect 1.2.0, parsel 1.8.1, w3lib 2.1.2, Twisted 22.10.0, Python 3.12.1 (main, Dec 12 2024, 22:30:56) [GCC 9.4.0], pyOpenSSL 23.2.0 (OpenSSL 3.1.3 19 Sep 2023), cryptography 41.0.4, Platform Linux-6.5.0-1025-azure-x86_64-with-glibc2.31
2025-02-08 02:25:41 [pb_federacao_municipios] INFO: Collecting data from 2023-12-15 to 2023-12-15.
2025-02-08 02:25:41 [scrapy.addons] INFO: Enabled addons:
[]
2025-02-08 02:25:41 [scrapy.utils.log] DEBUG: Using reactor: twisted.internet.epollreactor.EPollReactor
2025-02-08 02:25:41 [scrapy.extensions.telnet] INFO: Telnet Password: 8f707c17f4c4da96
2025-02-08 02:25:41 [scrapy.middleware] INFO: Enabled extensions:
['scrapy.extensions.corestats.CoreStats',
 'scrapy.extensions.telnet.TelnetConsole',
 'scrapy.extensions.memusage.MemoryUsage',
 'scrapy.extensions.logstats.LogStats',
 'spidermon.contrib.scrapy.extensions.Spidermon',
 'gazette.extensions.StatsPersist']
2025-02-08 02:25:41 [scrapy.crawler] INFO: Overridden settings:
{'BOT_NAME': 'gazette',
 'COMMANDS_MODULE': 'gazette.commands',
 'DOWNLOAD_TIMEOUT': 360,
 'FILES_STORE_S3_ACL': 'public-read',
 'NEWSPIDER_MODULE': 'gazette.spiders',
 'REQUEST_FINGERPRINTER_IMPLEMENTATION': '2.7',
 'SPIDER_MODULES': ['gazette.spiders'],
 'TEMPLATES_DIR': 'templates',
 'USER_AGENT': 'Mozilla/5.0 (X11; Ubuntu; Linux x86_64; rv:108.0) '
               'Gecko/20100101 Firefox/108.0'}
2025-02-08 02:25:41 [scrapy.middleware] INFO: Enabled downloader middlewares:
['scrapy.downloadermiddlewares.httpauth.HttpAuthMiddleware',
 'scrapy.downloadermiddlewares.downloadtimeout.DownloadTimeoutMiddleware',
 'scrapy.downloadermiddlewares.defaultheaders.DefaultHeadersMiddleware',
 'scrapy.downloadermiddlewares.useragent.UserAgentMiddleware',
 'scrapy.downloadermiddlewares.retry.RetryMiddleware',
 'scrapy.downloadermiddlewares.redirect.MetaRefreshMiddleware',
 'scrapy.downloadermiddlewares.httpcompression.HttpCompressionMiddleware',
 'scrapy.downloadermiddlewares.redirect.RedirectMiddleware',
 'scrapy_zyte_smartproxy.ZyteSmartProxyMiddleware',
 'scrapy.downloadermiddlewares.cookies.CookiesMiddleware',
 'scrapy.downloadermiddlewares.httpproxy.HttpProxyMiddleware',
 'scrapy.downloadermiddlewares.stats.DownloaderStats']
2025-02-08 02:25:41 [scrapy.middleware] INFO: Enabled spider middlewares:
['scrapy.spidermiddlewares.httperror.HttpErrorMiddleware',
 'scrapy.spidermiddlewares.offsite.OffsiteMiddleware',
 'scrapy.spidermiddlewares.referer.RefererMiddleware',
 'scrapy.spidermiddlewares.urllength.UrlLengthMiddleware',
 'scrapy.spidermiddlewares.depth.DepthMiddleware']
2025-02-08 02:25:41 [scrapy.middleware] INFO: Enabled item pipelines:
['gazette.pipelines.GazetteDateFilteringPipeline',
 'gazette.pipelines.DefaultValuesPipeline',
 'gazette.pipelines.QueridoDiarioFilesPipeline',
 'spidermon.contrib.scrapy.pipelines.ItemValidationPipeline',
 'gazette.pipelines.SQLDatabasePipeline']
2025-02-08 02:25:41 [scrapy.core.engine] INFO: Spider opened
2025-02-08 02:25:42 [gazette.database.models] INFO: Populating 'querido_diario_spider' table - Please wait!
2025-02-08 02:25:42 [gazette.database.models] INFO: Populating 'querido_diario_spider' table - Done!
2025-02-08 02:25:42 [scrapy.extensions.logstats] INFO: Crawled 0 pages (at 0 pages/min), scraped 0 items (at 0 items/min)
2025-02-08 02:25:42 [scrapy.extensions.telnet] INFO: Telnet console listening on 127.0.0.1:6023
2025-02-08 02:25:43 [scrapy.downloadermiddlewares.redirect] DEBUG: Redirecting (301) to <GET https://www.diariomunicipal.com.br/famup/> from <GET https://www.diariomunicipal.com.br/famup>
2025-02-08 02:25:44 [scrapy.core.engine] DEBUG: Crawled (200) <GET https://www.diariomunicipal.com.br/famup/> (referer: None)
2025-02-08 02:25:45 [scrapy.core.engine] DEBUG: Crawled (200) <POST https://www.diariomunicipal.com.br/famup/materia/calendario/extra> (referer: https://www.diariomunicipal.com.br/famup/)
2025-02-08 02:25:45 [scrapy.pipelines.files] DEBUG: File (uptodate): Downloaded file from <GET https://www-storage.voxtecnologia.com.br?m=sigpub.publicacao&f=334&i=publicado_99626_2023-12-15_a886442148e6efcb35bea405a2d83f6a.pdf> referred in <None>
2025-02-08 02:25:45 [scrapy.core.scraper] DEBUG: Scraped from <200 https://www.diariomunicipal.com.br/famup/materia/calendario/extra>
{'date': '2023-12-15',
 'edition_number': '3512a',
 'file_urls': ['https://www-storage.voxtecnologia.com.br?m=sigpub.publicacao&f=334&i=publicado_99626_2023-12-15_a886442148e6efcb35bea405a2d83f6a.pdf'],
 'files': [{'checksum': 'ad2a315d711a3f1e7d19368f923a3ff2',
            'path': '2500000/2023-12-15/e8df4aec85ed85412f0a1b801e51b59fda07ecef.pdf',
            'status': 'uptodate',
            'url': 'https://www-storage.voxtecnologia.com.br?m=sigpub.publicacao&f=334&i=publicado_99626_2023-12-15_a886442148e6efcb35bea405a2d83f6a.pdf'}],
 'is_extra_edition': True,
 'power': 'executive_legislative',
 'scraped_at': '2025-02-08T02:25:45.237480Z',
 'territory_id': '2500000'}
2025-02-08 02:25:45 [scrapy.core.engine] DEBUG: Crawled (200) <POST https://www.diariomunicipal.com.br/famup/materia/calendario> (referer: https://www.diariomunicipal.com.br/famup/)
2025-02-08 02:25:45 [scrapy.pipelines.files] DEBUG: File (uptodate): Downloaded file from <GET https://www-storage.voxtecnologia.com.br?m=sigpub.publicacao&f=334&i=publicado_91080_2023-12-14_1d3800b76e10bef1168672e0c6f65790.pdf> referred in <None>
2025-02-08 02:25:45 [scrapy.core.scraper] DEBUG: Scraped from <200 https://www.diariomunicipal.com.br/famup/materia/calendario>
{'date': '2023-12-15',
 'edition_number': '3512',
 'file_urls': ['https://www-storage.voxtecnologia.com.br?m=sigpub.publicacao&f=334&i=publicado_91080_2023-12-14_1d3800b76e10bef1168672e0c6f65790.pdf'],
 'files': [{'checksum': '8d7d35ea8d3ed07dcbe73c691eae8e30',
            'path': '2500000/2023-12-15/d4d3e7b711ddbafa9d2caa38a964e6613c843a56.pdf',
            'status': 'uptodate',
            'url': 'https://www-storage.voxtecnologia.com.br?m=sigpub.publicacao&f=334&i=publicado_91080_2023-12-14_1d3800b76e10bef1168672e0c6f65790.pdf'}],
 'is_extra_edition': False,
 'power': 'executive_legislative',
 'scraped_at': '2025-02-08T02:25:45.478891Z',
 'territory_id': '2500000'}
2025-02-08 02:25:45 [scrapy.core.engine] INFO: Closing spider (finished)
2025-02-08 02:25:45 [pb_federacao_municipios] INFO: [Spidermon] ------------------------------ MONITORS ------------------------------
2025-02-08 02:25:45 [pb_federacao_municipios] INFO: [Spidermon] Comparison Between Executions/Days without gazettes... OK
2025-02-08 02:25:45 [pb_federacao_municipios] INFO: [Spidermon] Requests/Items Ratio/Ratio of requests over items scraped count... OK
2025-02-08 02:25:45 [pb_federacao_municipios] INFO: [Spidermon] Error Count Monitor/test_stat_monitor... SKIPPED (Unable to find 'log_count/ERROR' in job stats.)
2025-02-08 02:25:45 [pb_federacao_municipios] INFO: [Spidermon] Finish Reason Monitor/Should have the expected finished reason(s)... OK
2025-02-08 02:25:45 [pb_federacao_municipios] INFO: [Spidermon] Item Validation Monitor/test_stat_monitor... SKIPPED (Unable to find 'spidermon/validation/fields/errors' in job stats.)
2025-02-08 02:25:45 [pb_federacao_municipios] INFO: [Spidermon] ----------------------------------------------------------------------
2025-02-08 02:25:45 [pb_federacao_municipios] INFO: [Spidermon] 5 monitors in 0.005s
2025-02-08 02:25:45 [pb_federacao_municipios] INFO: [Spidermon] OK (skipped=2)
2025-02-08 02:25:45 [pb_federacao_municipios] INFO: [Spidermon] -------------------------- FINISHED ACTIONS --------------------------
2025-02-08 02:25:45 [pb_federacao_municipios] INFO: [Spidermon] ----------------------------------------------------------------------
2025-02-08 02:25:45 [pb_federacao_municipios] INFO: [Spidermon] 0 actions in 0.000s
2025-02-08 02:25:45 [pb_federacao_municipios] INFO: [Spidermon] OK
2025-02-08 02:25:45 [pb_federacao_municipios] INFO: [Spidermon] --------------------------- PASSED ACTIONS ---------------------------
2025-02-08 02:25:45 [pb_federacao_municipios] INFO: [Spidermon] ----------------------------------------------------------------------
2025-02-08 02:25:45 [pb_federacao_municipios] INFO: [Spidermon] 0 actions in 0.000s
2025-02-08 02:25:45 [pb_federacao_municipios] INFO: [Spidermon] OK
2025-02-08 02:25:45 [pb_federacao_municipios] INFO: [Spidermon] --------------------------- FAILED ACTIONS ---------------------------
2025-02-08 02:25:45 [pb_federacao_municipios] INFO: [Spidermon] ----------------------------------------------------------------------
2025-02-08 02:25:45 [pb_federacao_municipios] INFO: [Spidermon] 1 action in 0.000s
2025-02-08 02:25:45 [pb_federacao_municipios] INFO: [Spidermon] OK (skipped=1)
2025-02-08 02:25:45 [scrapy.statscollectors] INFO: Dumping Scrapy stats:
{'downloader/request_bytes': 1839,
 'downloader/request_count': 4,
 'downloader/request_method_count/GET': 2,
 'downloader/request_method_count/POST': 2,
 'downloader/response_bytes': 48608,
 'downloader/response_count': 4,
 'downloader/response_status_count/200': 3,
 'downloader/response_status_count/301': 1,
 'elapsed_time_seconds': 3.339545,
 'file_count': 2,
 'file_status_count/uptodate': 2,
 'finish_reason': 'finished',
 'finish_time': datetime.datetime(2025, 2, 8, 2, 25, 45, 616582, tzinfo=datetime.timezone.utc),
 'httpcompression/response_bytes': 50071,
 'httpcompression/response_count': 3,
 'item_scraped_count': 2,
 'log_count/DEBUG': 9,
 'log_count/INFO': 33,
 'memusage/max': 125308928,
 'memusage/startup': 125308928,
 'request_depth_max': 1,
 'response_received_count': 3,
 'scheduler/dequeued': 4,
 'scheduler/dequeued/memory': 4,
 'scheduler/enqueued': 4,
 'scheduler/enqueued/memory': 4,
 'spidermon/validation/fields': 16,
 'spidermon/validation/items': 2,
 'spidermon/validation/validators': 1,
 'spidermon/validation/validators/item/jsonschema': True,
 'start_time': datetime.datetime(2025, 2, 8, 2, 25, 42, 277037, tzinfo=datetime.timezone.utc)}
2025-02-08 02:25:45 [scrapy.core.engine] INFO: Spider closed (finished)
